Using pre-set license
Built from '2020.3/staging' branch; Version is '2020.3.21f1 (a38c86f6690f) revision 10718342'; Using compiler version '192528614'; Build Type 'Release'
OS: 'Windows 10 Home; OS build 19042.1288; Version 2009; 64bit' Language: 'en' Physical Memory: 16245 MB
BatchMode: 1, IsHumanControllingUs: 0, StartBugReporterOnCrash: 0, Is64bit: 1, IsPro: 0

COMMAND LINE ARGUMENTS:
C:\Program Files\Unity\Hub\Editor\2020.3.21f1\Editor\Unity.exe
-adb2
-batchMode
-noUpm
-name
AssetImportWorker0
-projectPath
C:/Users/aaron/OneDrive/Desktop/Unity_Games/ACID-TRIP-4/AcidTrip4
-logFile
Logs/AssetImportWorker0.log
-srvPort
54777
Successfully changed project path to: C:/Users/aaron/OneDrive/Desktop/Unity_Games/ACID-TRIP-4/AcidTrip4
C:/Users/aaron/OneDrive/Desktop/Unity_Games/ACID-TRIP-4/AcidTrip4
Using Asset Import Pipeline V2.
Refreshing native plugins compatible for Editor in 150.87 ms, found 4 plugins.
Preloading 0 native plugins for Editor in 0.00 ms.
Initialize engine version: 2020.3.21f1 (a38c86f6690f)
[Subsystems] Discovering subsystems at path C:/Program Files/Unity/Hub/Editor/2020.3.21f1/Editor/Data/Resources/UnitySubsystems
[Subsystems] Discovering subsystems at path C:/Users/aaron/OneDrive/Desktop/Unity_Games/ACID-TRIP-4/AcidTrip4/Assets
GfxDevice: creating device client; threaded=0
Direct3D:
    Version:  Direct3D 11.0 [level 11.1]
    Renderer: NVIDIA GeForce GTX 1050 (ID=0x1c8d)
    Vendor:   
    VRAM:     4021 MB
    Driver:   30.0.14.7111
Initialize mono
Mono path[0] = 'C:/Program Files/Unity/Hub/Editor/2020.3.21f1/Editor/Data/Managed'
Mono path[1] = 'C:/Program Files/Unity/Hub/Editor/2020.3.21f1/Editor/Data/MonoBleedingEdge/lib/mono/unityjit'
Mono config path = 'C:/Program Files/Unity/Hub/Editor/2020.3.21f1/Editor/Data/MonoBleedingEdge/etc'
Using monoOptions --debugger-agent=transport=dt_socket,embedding=1,server=y,suspend=n,address=127.0.0.1:56428
Begin MonoManager ReloadAssembly
Registering precompiled unity dll's ...
Register platform support module: C:/Program Files/Unity/Hub/Editor/2020.3.21f1/Editor/Data/PlaybackEngines/WindowsStandaloneSupport/UnityEditor.WindowsStandalone.Extensions.dll
Registered in 0.004520 seconds.
Native extension for WindowsStandalone target not found
Refreshing native plugins compatible for Editor in 166.50 ms, found 4 plugins.
Preloading 0 native plugins for Editor in 0.00 ms.
Mono: successfully reloaded assembly
- Completed reload, in  2.123 seconds
Domain Reload Profiling:
	ReloadAssembly (2123ms)
		BeginReloadAssembly (91ms)
			ExecutionOrderSort (0ms)
			DisableScriptedObjects (0ms)
			BackupInstance (0ms)
			ReleaseScriptingObjects (0ms)
			CreateAndSetChildDomain (1ms)
		EndReloadAssembly (831ms)
			LoadAssemblies (88ms)
			RebuildTransferFunctionScriptingTraits (0ms)
			SetupTypeCache (205ms)
			ReleaseScriptCaches (0ms)
			RebuildScriptCaches (43ms)
			SetupLoadedEditorAssemblies (463ms)
				LogAssemblyErrors (0ms)
				InitializePlatformSupportModulesInManaged (5ms)
				SetLoadedEditorAssemblies (0ms)
				RefreshPlugins (167ms)
				BeforeProcessingInitializeOnLoad (21ms)
				ProcessInitializeOnLoadAttributes (223ms)
				ProcessInitializeOnLoadMethodAttributes (48ms)
				AfterProcessingInitializeOnLoad (0ms)
				EditorAssembliesLoaded (0ms)
			ExecutionOrderSort2 (0ms)
			AwakeInstancesAfterBackupRestoration (0ms)
Platform modules already initialized, skipping
Registering precompiled user dll's ...
Registered in 0.022621 seconds.
Begin MonoManager ReloadAssembly
Symbol file LoadedFromMemory doesn't match image C:\Users\aaron\OneDrive\Desktop\Unity_Games\ACID-TRIP-4\AcidTrip4\Library\PackageCache\com.unity.visualscripting@1.6.1\Editor\VisualScripting.Core\Dependencies\YamlDotNet\Unity.VisualScripting.YamlDotNet.dll
Symbol file LoadedFromMemory doesn't match image C:\Users\aaron\OneDrive\Desktop\Unity_Games\ACID-TRIP-4\AcidTrip4\Library\PackageCache\com.unity.visualscripting@1.6.1\Editor\VisualScripting.Core\Dependencies\DotNetZip\Unity.VisualScripting.IonicZip.dll
Native extension for WindowsStandalone target not found
Refreshing native plugins compatible for Editor in 0.83 ms, found 4 plugins.
Preloading 0 native plugins for Editor in 0.00 ms.
Mono: successfully reloaded assembly
- Completed reload, in  1.695 seconds
Domain Reload Profiling:
	ReloadAssembly (1696ms)
		BeginReloadAssembly (226ms)
			ExecutionOrderSort (0ms)
			DisableScriptedObjects (5ms)
			BackupInstance (0ms)
			ReleaseScriptingObjects (0ms)
			CreateAndSetChildDomain (21ms)
		EndReloadAssembly (1382ms)
			LoadAssemblies (152ms)
			RebuildTransferFunctionScriptingTraits (0ms)
			SetupTypeCache (460ms)
			ReleaseScriptCaches (1ms)
			RebuildScriptCaches (67ms)
			SetupLoadedEditorAssemblies (593ms)
				LogAssemblyErrors (0ms)
				InitializePlatformSupportModulesInManaged (6ms)
				SetLoadedEditorAssemblies (1ms)
				RefreshPlugins (1ms)
				BeforeProcessingInitializeOnLoad (138ms)
				ProcessInitializeOnLoadAttributes (419ms)
				ProcessInitializeOnLoadMethodAttributes (14ms)
				AfterProcessingInitializeOnLoad (14ms)
				EditorAssembliesLoaded (0ms)
			ExecutionOrderSort2 (0ms)
			AwakeInstancesAfterBackupRestoration (7ms)
Platform modules already initialized, skipping
========================================================================
Worker process is ready to serve import requests
Launched and connected shader compiler UnityShaderCompiler.exe after 0.08 seconds
Refreshing native plugins compatible for Editor in 1.29 ms, found 4 plugins.
Preloading 0 native plugins for Editor in 0.00 ms.
Unloading 3668 Unused Serialized files (Serialized files now loaded: 0)
System memory in use before: 133.8 MB.
System memory in use after: 134.0 MB.

Unloading 29 unused Assets to reduce memory usage. Loaded Objects now: 4096.
Total: 4.390600 ms (FindLiveObjects: 0.530800 ms CreateObjectMapping: 0.296300 ms MarkObjects: 3.483200 ms  DeleteObjects: 0.078900 ms)

AssetImportParameters requested are different than current active one (requested -> active):
  custom:framework-win-MediaFoundation: 216162199b28c13a410421893ffa2e32 -> 
  custom:video-decoder-ogg-theora: a1e56fd34408186e4bbccfd4996cb3dc -> 
  custom:container-muxer-webm: aa71ff27fc2769a1b78a27578f13a17b -> 
  custom:container-demuxer-webm: 4f35f7cbe854078d1ac9338744f61a02 -> 
  custom:container-demuxer-ogg: 62fdf1f143b41e24485cea50d1cbac27 -> 
  custom:video-encoder-webm-vp8: eb34c28f22e8b96e1ab97ce403110664 -> 
  custom:video-codec-MediaFoundation-h265: 746d11721c4dcdbdad8f713fa42b33f4 -> 
  custom:video-decoder-webm-vp8: 9c59270c3fd7afecdb556c50c9e8de78 -> 
  custom:audio-decoder-ogg-vorbis: bf7c407c2cedff20999df2af8eb42d56 -> 
  custom:audio-encoder-webm-vorbis: bf7c407c2cedff20999df2af8eb42d56 -> 
========================================================================
Received Import Request.
  path: Assets
  artifactKey: Guid(00000000000000001000000000000000) Importer(815301076,1909f56bfc062723c751e8b465ee728b)
Start importing Assets using Guid(00000000000000001000000000000000) Importer(815301076,1909f56bfc062723c751e8b465ee728b)  -> (artifact id: '42d402b061de3733987d63b9cc3b64de') in 0.010639 seconds 
  Import took 0.017746 seconds .

========================================================================
Received Import Request.
  Time since last request: 125.091041 seconds.
  path: Assets/Scenes
  artifactKey: Guid(131a6b21c8605f84396be9f6751fb6e3) Importer(815301076,1909f56bfc062723c751e8b465ee728b)
Start importing Assets/Scenes using Guid(131a6b21c8605f84396be9f6751fb6e3) Importer(815301076,1909f56bfc062723c751e8b465ee728b)  -> (artifact id: 'ffae677c86e903bacef8065336249a81') in 0.005047 seconds 
  Import took 0.014598 seconds .

========================================================================
Received Import Request.
  Time since last request: 233.791212 seconds.
  path: Assets/Scripts
  artifactKey: Guid(ad4406a9744a5d84882ad6e3862c60e5) Importer(815301076,1909f56bfc062723c751e8b465ee728b)
Start importing Assets/Scripts using Guid(ad4406a9744a5d84882ad6e3862c60e5) Importer(815301076,1909f56bfc062723c751e8b465ee728b)  -> (artifact id: 'ea5ed3bf9989a0d535ccff1253ca0897') in 0.006700 seconds 
  Import took 0.017682 seconds .

========================================================================
Received Import Request.
  Time since last request: 23.941096 seconds.
  path: Assets/Scripts/charStats.cs
  artifactKey: Guid(20d2aab1263f8da4a9c4154547345867) Importer(815301076,1909f56bfc062723c751e8b465ee728b)
Start importing Assets/Scripts/charStats.cs using Guid(20d2aab1263f8da4a9c4154547345867) Importer(815301076,1909f56bfc062723c751e8b465ee728b)  -> (artifact id: 'c26f585f8afffdd2bdb0cd33f4d034f0') in 0.039898 seconds 
  Import took 0.048898 seconds .

========================================================================
Received Import Request.
  Time since last request: 399.898135 seconds.
  path: Assets/Scripts/charStats.cs
  artifactKey: Guid(20d2aab1263f8da4a9c4154547345867) Importer(815301076,1909f56bfc062723c751e8b465ee728b)
Start importing Assets/Scripts/charStats.cs using Guid(20d2aab1263f8da4a9c4154547345867) Importer(815301076,1909f56bfc062723c751e8b465ee728b)  -> (artifact id: '2409853413e1bb3a99e1048b3a98efb8') in 0.004506 seconds 
  Import took 0.022199 seconds .

========================================================================
Received Import Request.
  Time since last request: 28.601085 seconds.
  path: Assets/Scripts/NewBehaviourScript.cs
  artifactKey: Guid(427ff443045bb04419845490ecad5e83) Importer(815301076,1909f56bfc062723c751e8b465ee728b)
Start importing Assets/Scripts/NewBehaviourScript.cs using Guid(427ff443045bb04419845490ecad5e83) Importer(815301076,1909f56bfc062723c751e8b465ee728b)  -> (artifact id: 'e1e3c7e64935408664d73a26c7a01ee5') in 0.004927 seconds 
  Import took 0.016100 seconds .

========================================================================
Received Import Request.
  Time since last request: 33.519774 seconds.
  path: Assets/Scripts/LoadStats.cs
  artifactKey: Guid(5701789ef603c434cba803a3ab3f1503) Importer(815301076,1909f56bfc062723c751e8b465ee728b)
Start importing Assets/Scripts/LoadStats.cs using Guid(5701789ef603c434cba803a3ab3f1503) Importer(815301076,1909f56bfc062723c751e8b465ee728b)  -> (artifact id: 'f777248ff0f3b0d3e3d8619fc0275822') in 0.006945 seconds 
  Import took 0.015848 seconds .

========================================================================
Received Import Request.
  Time since last request: 18.277448 seconds.
  path: Assets/Scripts/charStats.cs
  artifactKey: Guid(20d2aab1263f8da4a9c4154547345867) Importer(815301076,1909f56bfc062723c751e8b465ee728b)
Start importing Assets/Scripts/charStats.cs using Guid(20d2aab1263f8da4a9c4154547345867) Importer(815301076,1909f56bfc062723c751e8b465ee728b)  -> (artifact id: 'c7904fd84ee2f67f76a5953e3881e0a1') in 0.009768 seconds 
  Import took 0.025385 seconds .

========================================================================
Received Import Request.
  Time since last request: 198.437963 seconds.
  path: Assets/Scripts/LoadStats.cs
  artifactKey: Guid(5701789ef603c434cba803a3ab3f1503) Importer(815301076,1909f56bfc062723c751e8b465ee728b)
Start importing Assets/Scripts/LoadStats.cs using Guid(5701789ef603c434cba803a3ab3f1503) Importer(815301076,1909f56bfc062723c751e8b465ee728b)  -> (artifact id: '972fc60f3b961ccf2218cc7cb001ed11') in 0.008066 seconds 
  Import took 0.027709 seconds .

AssetImportWorkerClient::OnTransportError - code=2 error=End of file
